# JRE version: OpenJDK Runtime Environment Temurin-21.0.10+7 (21.0.10+7) (build 21.0.10+7-LTS)
# Java VM: OpenJDK 64-Bit Server VM Temurin-21.0.10+7 (21.0.10+7-LTS, mixed mode, sharing, tiered, compressed oops, compressed class ptrs, parallel gc, windows-amd64)
GC Precious Log:
 CardTable entry size: 512
 CPUs: 24 total, 24 available
 Memory: 16087M
 Large Page Support: Disabled
 NUMA Support: Disabled
 Compressed Oops: Enabled (32-bit)
 Alignments: Space 512K, Generation 512K, Heap 2M
 Heap Min Capacity: 100M
 Heap Initial Capacity: 100M
 Heap Max Capacity: 2G
 Pre-touch: Disabled
 Parallel Workers: 18
Heap:
 PSYoungGen      total 17408K, used 8614K [0x00000000d5580000, 0x00000000d6a00000, 0x0000000100000000)
  eden space 16384K, 47% used [0x00000000d5580000,0x00000000d5d11ae8,0x00000000d6580000)
  from space 1024K, 84% used [0x00000000d6880000,0x00000000d6958000,0x00000000d6980000)
  to   space 512K, 0% used [0x00000000d6980000,0x00000000d6980000,0x00000000d6a00000)
 ParOldGen       total 68608K, used 34705K [0x0000000080000000, 0x0000000084300000, 0x00000000d5580000)
  object space 68608K, 50% used [0x0000000080000000,0x00000000821e44c8,0x0000000084300000)
 Metaspace       used 47891K, committed 49152K, reserved 1114112K
  class space    used 5189K, committed 5696K, reserved 1048576K
GC Heap History (20 events):
Event: 3.057 GC heap before
{Heap before GC invocations=18 (full 2):
 PSYoungGen      total 23040K, used 23040K [0x00000000d5580000, 0x00000000d7200000, 0x0000000100000000)
  eden space 22016K, 100% used [0x00000000d5580000,0x00000000d6b00000,0x00000000d6b00000)
  from space 1024K, 100% used [0x00000000d6c00000,0x00000000d6d00000,0x00000000d6d00000)
  to   space 3584K, 0% used [0x00000000d6e80000,0x00000000d6e80000,0x00000000d7200000)
 ParOldGen       total 68608K, used 22324K [0x0000000080000000, 0x0000000084300000, 0x00000000d5580000)
  object space 68608K, 32% used [0x0000000080000000,0x00000000815cd3c8,0x0000000084300000)
 Metaspace       used 37052K, committed 38336K, reserved 1114112K
  class space    used 3791K, committed 4352K, reserved 1048576K
}
Event: 3.060 GC heap after
{Heap after GC invocations=18 (full 2):
 PSYoungGen      total 19968K, used 3570K [0x00000000d5580000, 0x00000000d7d00000, 0x0000000100000000)
  eden space 16384K, 0% used [0x00000000d5580000,0x00000000d5580000,0x00000000d6580000)
  from space 3584K, 99% used [0x00000000d6e80000,0x00000000d71fc8b8,0x00000000d7200000)
  to   space 9216K, 0% used [0x00000000d6580000,0x00000000d6580000,0x00000000d6e80000)
 ParOldGen       total 68608K, used 26788K [0x0000000080000000, 0x0000000084300000, 0x00000000d5580000)
  object space 68608K, 39% used [0x0000000080000000,0x0000000081a29320,0x0000000084300000)
 Metaspace       used 37052K, committed 38336K, reserved 1114112K
  class space    used 3791K, committed 4352K, reserved 1048576K
}
Event: 3.405 GC heap before
{Heap before GC invocations=19 (full 2):
 PSYoungGen      total 19968K, used 19954K [0x00000000d5580000, 0x00000000d7d00000, 0x0000000100000000)
  eden space 16384K, 100% used [0x00000000d5580000,0x00000000d6580000,0x00000000d6580000)
  from space 3584K, 99% used [0x00000000d6e80000,0x00000000d71fc8b8,0x00000000d7200000)
  to   space 9216K, 0% used [0x00000000d6580000,0x00000000d6580000,0x00000000d6e80000)
 ParOldGen       total 68608K, used 26788K [0x0000000080000000, 0x0000000084300000, 0x00000000d5580000)
  object space 68608K, 39% used [0x0000000080000000,0x0000000081a29320,0x0000000084300000)
 Metaspace       used 38932K, committed 40192K, reserved 1114112K
  class space    used 4071K, committed 4608K, reserved 1048576K
}
Event: 3.408 GC heap after
{Heap after GC invocations=19 (full 2):
 PSYoungGen      total 17408K, used 854K [0x00000000d5580000, 0x00000000d6f00000, 0x0000000100000000)
  eden space 16384K, 0% used [0x00000000d5580000,0x00000000d5580000,0x00000000d6580000)
  from space 1024K, 83% used [0x00000000d6580000,0x00000000d6655b38,0x00000000d6680000)
  to   space 3584K, 0% used [0x00000000d6b80000,0x00000000d6b80000,0x00000000d6f00000)
 ParOldGen       total 68608K, used 30394K [0x0000000080000000, 0x0000000084300000, 0x00000000d5580000)
  object space 68608K, 44% used [0x0000000080000000,0x0000000081daeaa8,0x0000000084300000)
 Metaspace       used 38932K, committed 40192K, reserved 1114112K
  class space    used 4071K, committed 4608K, reserved 1048576K
}
Event: 3.662 GC heap before
{Heap before GC invocations=20 (full 2):
 PSYoungGen      total 17408K, used 17238K [0x00000000d5580000, 0x00000000d6f00000, 0x0000000100000000)
  eden space 16384K, 100% used [0x00000000d5580000,0x00000000d6580000,0x00000000d6580000)
  from space 1024K, 83% used [0x00000000d6580000,0x00000000d6655b38,0x00000000d6680000)
  to   space 3584K, 0% used [0x00000000d6b80000,0x00000000d6b80000,0x00000000d6f00000)
 ParOldGen       total 68608K, used 30394K [0x0000000080000000, 0x0000000084300000, 0x00000000d5580000)
  object space 68608K, 44% used [0x0000000080000000,0x0000000081daeaa8,0x0000000084300000)
 Metaspace       used 39829K, committed 41088K, reserved 1114112K
  class space    used 4190K, committed 4736K, reserved 1048576K
}
Event: 3.664 GC heap after
{Heap after GC invocations=20 (full 2):
 PSYoungGen      total 17408K, used 736K [0x00000000d5580000, 0x00000000d6c80000, 0x0000000100000000)
  eden space 16384K, 0% used [0x00000000d5580000,0x00000000d5580000,0x00000000d6580000)
  from space 1024K, 71% used [0x00000000d6b80000,0x00000000d6c38000,0x00000000d6c80000)
  to   space 1536K, 0% used [0x00000000d6980000,0x00000000d6980000,0x00000000d6b00000)
 ParOldGen       total 68608K, used 30818K [0x0000000080000000, 0x0000000084300000, 0x00000000d5580000)
  object space 68608K, 44% used [0x0000000080000000,0x0000000081e18aa8,0x0000000084300000)
 Metaspace       used 39829K, committed 41088K, reserved 1114112K
  class space    used 4190K, committed 4736K, reserved 1048576K
}
Event: 3.866 GC heap before
{Heap before GC invocations=21 (full 2):
 PSYoungGen      total 17408K, used 17120K [0x00000000d5580000, 0x00000000d6c80000, 0x0000000100000000)
  eden space 16384K, 100% used [0x00000000d5580000,0x00000000d6580000,0x00000000d6580000)
  from space 1024K, 71% used [0x00000000d6b80000,0x00000000d6c38000,0x00000000d6c80000)
  to   space 1536K, 0% used [0x00000000d6980000,0x00000000d6980000,0x00000000d6b00000)
 ParOldGen       total 68608K, used 30818K [0x0000000080000000, 0x0000000084300000, 0x00000000d5580000)
  object space 68608K, 44% used [0x0000000080000000,0x0000000081e18aa8,0x0000000084300000)
 Metaspace       used 41377K, committed 42624K, reserved 1114112K
  class space    used 4386K, committed 4928K, reserved 1048576K
}
Event: 3.867 GC heap after
{Heap after GC invocations=21 (full 2):
 PSYoungGen      total 17920K, used 768K [0x00000000d5580000, 0x00000000d6c00000, 0x0000000100000000)
  eden space 16384K, 0% used [0x00000000d5580000,0x00000000d5580000,0x00000000d6580000)
  from space 1536K, 50% used [0x00000000d6980000,0x00000000d6a40000,0x00000000d6b00000)
  to   space 1024K, 0% used [0x00000000d6b00000,0x00000000d6b00000,0x00000000d6c00000)
 ParOldGen       total 68608K, used 31194K [0x0000000080000000, 0x0000000084300000, 0x00000000d5580000)
  object space 68608K, 45% used [0x0000000080000000,0x0000000081e76aa8,0x0000000084300000)
 Metaspace       used 41377K, committed 42624K, reserved 1114112K
  class space    used 4386K, committed 4928K, reserved 1048576K
}
Event: 4.088 GC heap before
{Heap before GC invocations=22 (full 2):
 PSYoungGen      total 17920K, used 17152K [0x00000000d5580000, 0x00000000d6c00000, 0x0000000100000000)
  eden space 16384K, 100% used [0x00000000d5580000,0x00000000d6580000,0x00000000d6580000)
  from space 1536K, 50% used [0x00000000d6980000,0x00000000d6a40000,0x00000000d6b00000)
  to   space 1024K, 0% used [0x00000000d6b00000,0x00000000d6b00000,0x00000000d6c00000)
 ParOldGen       total 68608K, used 31194K [0x0000000080000000, 0x0000000084300000, 0x00000000d5580000)
  object space 68608K, 45% used [0x0000000080000000,0x0000000081e76aa8,0x0000000084300000)
 Metaspace       used 43061K, committed 44416K, reserved 1114112K
  class space    used 4608K, committed 5184K, reserved 1048576K
}
Event: 4.089 GC heap after
{Heap after GC invocations=22 (full 2):
 PSYoungGen      total 17408K, used 1024K [0x00000000d5580000, 0x00000000d6c00000, 0x0000000100000000)
  eden space 16384K, 0% used [0x00000000d5580000,0x00000000d5580000,0x00000000d6580000)
  from space 1024K, 100% used [0x00000000d6b00000,0x00000000d6c00000,0x00000000d6c00000)
  to   space 2048K, 0% used [0x00000000d6800000,0x00000000d6800000,0x00000000d6a00000)
 ParOldGen       total 68608K, used 31658K [0x0000000080000000, 0x0000000084300000, 0x00000000d5580000)
  object space 68608K, 46% used [0x0000000080000000,0x0000000081eeaaa8,0x0000000084300000)
 Metaspace       used 43061K, committed 44416K, reserved 1114112K
  class space    used 4608K, committed 5184K, reserved 1048576K
}
Event: 4.350 GC heap before
{Heap before GC invocations=23 (full 2):
 PSYoungGen      total 17408K, used 17408K [0x00000000d5580000, 0x00000000d6c00000, 0x0000000100000000)
  eden space 16384K, 100% used [0x00000000d5580000,0x00000000d6580000,0x00000000d6580000)
  from space 1024K, 100% used [0x00000000d6b00000,0x00000000d6c00000,0x00000000d6c00000)
  to   space 2048K, 0% used [0x00000000d6800000,0x00000000d6800000,0x00000000d6a00000)
 ParOldGen       total 68608K, used 31658K [0x0000000080000000, 0x0000000084300000, 0x00000000d5580000)
  object space 68608K, 46% used [0x0000000080000000,0x0000000081eeaaa8,0x0000000084300000)
 Metaspace       used 45041K, committed 46336K, reserved 1114112K
  class space    used 4882K, committed 5440K, reserved 1048576K
}
Event: 4.351 GC heap after
{Heap after GC invocations=23 (full 2):
 PSYoungGen      total 18432K, used 1280K [0x00000000d5580000, 0x00000000d6b80000, 0x0000000100000000)
  eden space 16384K, 0% used [0x00000000d5580000,0x00000000d5580000,0x00000000d6580000)
  from space 2048K, 62% used [0x00000000d6800000,0x00000000d6940000,0x00000000d6a00000)
  to   space 1536K, 0% used [0x00000000d6a00000,0x00000000d6a00000,0x00000000d6b80000)
 ParOldGen       total 68608K, used 32377K [0x0000000080000000, 0x0000000084300000, 0x00000000d5580000)
  object space 68608K, 47% used [0x0000000080000000,0x0000000081f9e7a8,0x0000000084300000)
 Metaspace       used 45041K, committed 46336K, reserved 1114112K
  class space    used 4882K, committed 5440K, reserved 1048576K
}
Event: 4.604 GC heap before
{Heap before GC invocations=24 (full 2):
 PSYoungGen      total 18432K, used 17664K [0x00000000d5580000, 0x00000000d6b80000, 0x0000000100000000)
  eden space 16384K, 100% used [0x00000000d5580000,0x00000000d6580000,0x00000000d6580000)
  from space 2048K, 62% used [0x00000000d6800000,0x00000000d6940000,0x00000000d6a00000)
  to   space 1536K, 0% used [0x00000000d6a00000,0x00000000d6a00000,0x00000000d6b80000)
 ParOldGen       total 68608K, used 32377K [0x0000000080000000, 0x0000000084300000, 0x00000000d5580000)
  object space 68608K, 47% used [0x0000000080000000,0x0000000081f9e7a8,0x0000000084300000)
 Metaspace       used 46651K, committed 48000K, reserved 1114112K
  class space    used 5064K, committed 5632K, reserved 1048576K
}
Event: 4.605 GC heap after
{Heap after GC invocations=24 (full 2):
 PSYoungGen      total 17920K, used 1275K [0x00000000d5580000, 0x00000000d6b80000, 0x0000000100000000)
  eden space 16384K, 0% used [0x00000000d5580000,0x00000000d5580000,0x00000000d6580000)
  from space 1536K, 83% used [0x00000000d6a00000,0x00000000d6b3ee98,0x00000000d6b80000)
  to   space 1536K, 0% used [0x00000000d6880000,0x00000000d6880000,0x00000000d6a00000)
 ParOldGen       total 68608K, used 33417K [0x0000000080000000, 0x0000000084300000, 0x00000000d5580000)
  object space 68608K, 48% used [0x0000000080000000,0x00000000820a27a8,0x0000000084300000)
 Metaspace       used 46651K, committed 48000K, reserved 1114112K
  class space    used 5064K, committed 5632K, reserved 1048576K
}
Event: 4.901 GC heap before
{Heap before GC invocations=25 (full 2):
 PSYoungGen      total 17920K, used 17659K [0x00000000d5580000, 0x00000000d6b80000, 0x0000000100000000)
  eden space 16384K, 100% used [0x00000000d5580000,0x00000000d6580000,0x00000000d6580000)
  from space 1536K, 83% used [0x00000000d6a00000,0x00000000d6b3ee98,0x00000000d6b80000)
  to   space 1536K, 0% used [0x00000000d6880000,0x00000000d6880000,0x00000000d6a00000)
 ParOldGen       total 68608K, used 33417K [0x0000000080000000, 0x0000000084300000, 0x00000000d5580000)
  object space 68608K, 48% used [0x0000000080000000,0x00000000820a27a8,0x0000000084300000)
 Metaspace       used 47104K, committed 48384K, reserved 1114112K
  class space    used 5101K, committed 5632K, reserved 1048576K
}
Event: 4.902 GC heap after
{Heap after GC invocations=25 (full 2):
 PSYoungGen      total 16896K, used 480K [0x00000000d5580000, 0x00000000d6a80000, 0x0000000100000000)
  eden space 16384K, 0% used [0x00000000d5580000,0x00000000d5580000,0x00000000d6580000)
  from space 512K, 93% used [0x00000000d6880000,0x00000000d68f8000,0x00000000d6900000)
  to   space 1024K, 0% used [0x00000000d6980000,0x00000000d6980000,0x00000000d6a80000)
 ParOldGen       total 68608K, used 34395K [0x0000000080000000, 0x0000000084300000, 0x00000000d5580000)
  object space 68608K, 50% used [0x0000000080000000,0x0000000082196d00,0x0000000084300000)
 Metaspace       used 47104K, committed 48384K, reserved 1114112K
  class space    used 5101K, committed 5632K, reserved 1048576K
}
Event: 5.095 GC heap before
{Heap before GC invocations=26 (full 2):
 PSYoungGen      total 16896K, used 16864K [0x00000000d5580000, 0x00000000d6a80000, 0x0000000100000000)
  eden space 16384K, 100% used [0x00000000d5580000,0x00000000d6580000,0x00000000d6580000)
  from space 512K, 93% used [0x00000000d6880000,0x00000000d68f8000,0x00000000d6900000)
  to   space 1024K, 0% used [0x00000000d6980000,0x00000000d6980000,0x00000000d6a80000)
 ParOldGen       total 68608K, used 34395K [0x0000000080000000, 0x0000000084300000, 0x00000000d5580000)
  object space 68608K, 50% used [0x0000000080000000,0x0000000082196d00,0x0000000084300000)
 Metaspace       used 47189K, committed 48448K, reserved 1114112K
  class space    used 5109K, committed 5632K, reserved 1048576K
}
Event: 5.097 GC heap after
{Heap after GC invocations=26 (full 2):
 PSYoungGen      total 17408K, used 637K [0x00000000d5580000, 0x00000000d6a80000, 0x0000000100000000)
  eden space 16384K, 0% used [0x00000000d5580000,0x00000000d5580000,0x00000000d6580000)
  from space 1024K, 62% used [0x00000000d6980000,0x00000000d6a1f600,0x00000000d6a80000)
  to   space 1024K, 0% used [0x00000000d6880000,0x00000000d6880000,0x00000000d6980000)
 ParOldGen       total 68608K, used 34569K [0x0000000080000000, 0x0000000084300000, 0x00000000d5580000)
  object space 68608K, 50% used [0x0000000080000000,0x00000000821c24c8,0x0000000084300000)
 Metaspace       used 47189K, committed 48448K, reserved 1114112K
  class space    used 5109K, committed 5632K, reserved 1048576K
}
Event: 5.276 GC heap before
{Heap before GC invocations=27 (full 2):
 PSYoungGen      total 17408K, used 17021K [0x00000000d5580000, 0x00000000d6a80000, 0x0000000100000000)
  eden space 16384K, 100% used [0x00000000d5580000,0x00000000d6580000,0x00000000d6580000)
  from space 1024K, 62% used [0x00000000d6980000,0x00000000d6a1f600,0x00000000d6a80000)
  to   space 1024K, 0% used [0x00000000d6880000,0x00000000d6880000,0x00000000d6980000)
 ParOldGen       total 68608K, used 34569K [0x0000000080000000, 0x0000000084300000, 0x00000000d5580000)
  object space 68608K, 50% used [0x0000000080000000,0x00000000821c24c8,0x0000000084300000)
 Metaspace       used 47491K, committed 48768K, reserved 1114112K
  class space    used 5137K, committed 5696K, reserved 1048576K
}
Event: 5.277 GC heap after
{Heap after GC invocations=27 (full 2):
 PSYoungGen      total 17408K, used 864K [0x00000000d5580000, 0x00000000d6a00000, 0x0000000100000000)
  eden space 16384K, 0% used [0x00000000d5580000,0x00000000d5580000,0x00000000d6580000)
  from space 1024K, 84% used [0x00000000d6880000,0x00000000d6958000,0x00000000d6980000)
  to   space 512K, 0% used [0x00000000d6980000,0x00000000d6980000,0x00000000d6a00000)
 ParOldGen       total 68608K, used 34705K [0x0000000080000000, 0x0000000084300000, 0x00000000d5580000)
  object space 68608K, 50% used [0x0000000080000000,0x00000000821e44c8,0x0000000084300000)
 Metaspace       used 47491K, committed 48768K, reserved 1114112K
  class space    used 5137K, committed 5696K, reserved 1048576K
}

